16:49:07.001 [ATL-Logging-Thread] INFO  - Organising filesystem

16:49:07.003 [ATL-Logging-Thread] INFO  - ATLauncher Version: 3.4.38.2 [b6f3b1ac61b9be9f3d4573d01dc291077f7ad130]

16:49:07.004 [ATL-Logging-Thread] INFO  - App Arguments: ["--working-dir","**USERSDIR**","--no-launcher-update"]

16:49:07.004 [ATL-Logging-Thread] INFO  - JVM Arguments: []

16:49:07.005 [ATL-Logging-Thread] INFO  - Java Version: Java 21 (21.0.7)

16:49:07.017 [ATL-Logging-Thread] INFO  - Java Path: /nix/store/qagnl38l96xcbx17ll0v9zswhcl1nqw6-openjdk-21.0.7+6/lib/openjdk

16:49:07.017 [ATL-Logging-Thread] INFO  - 64 Bit Java: true

16:49:07.019 [ATL-Logging-Thread] INFO  - RAM Available: 32020MB

16:49:07.021 [ATL-Logging-Thread] INFO  - Launcher Directory: **USERSDIR**

16:49:07.058 [ATL-Logging-Thread] INFO  - GPU: TU116 [GeForce GTX 1660 SUPER] (NVIDIA Corporation (0x10de)) unknown 288MB VRAM

16:49:07.153 [ATL-Logging-Thread] INFO  - CPU: AMD Ryzen 7 5700X 8-Core Processor 8 cores/16 threads

16:49:07.154 [ATL-Logging-Thread] INFO  - Operating System: NixOS (25.05 (Warbler) build 6.12.30)

16:49:07.157 [ATL-Logging-Thread] INFO  - Bitness: 64

16:49:07.158 [ATL-Logging-Thread] INFO  - Uptime: 6646

16:49:07.159 [ATL-Logging-Thread] INFO  - Manufacturer: GNU/Linux

16:49:07.160 [ATL-Logging-Thread] INFO  - Showing splash screen and loading everything

16:49:07.160 [ATL-Logging-Thread] INFO  - Checking for updated files!

16:49:08.663 [ATL-Logging-Thread] INFO  - Finished downloading updated files!

16:49:21.083 [ATL-Logging-Thread] INFO  - Launcher finished loading everything

16:49:21.084 [ATL-Logging-Thread] WARN  - Launcher not setup. Loading Setup Dialog

16:49:21.189 [ATL-Logging-Thread] ERROR - Error on GraphQL query

16:49:21.190 [ATL-Logging-Thread] ERROR - com.apollographql.apollo.exception.ApolloHttpException: HTTP 403 Forbidden

16:49:21.191 [ATL-Logging-Thread] ERROR - 	at com.apollographql.apollo.internal.interceptor.ApolloParseInterceptor.parse(ApolloParseInterceptor.java:108)

16:49:21.193 [ATL-Logging-Thread] ERROR - 	at com.apollographql.apollo.internal.interceptor.ApolloParseInterceptor$1.onResponse(ApolloParseInterceptor.java:53)

16:49:21.194 [ATL-Logging-Thread] ERROR - 	at com.apollographql.apollo.internal.interceptor.ApolloServerInterceptor$executeHttpCall$1.onResponse(ApolloServerInterceptor.kt:114)

16:49:21.195 [ATL-Logging-Thread] ERROR - 	at okhttp3.internal.connection.RealCall$AsyncCall.run(RealCall.kt:519)

16:49:21.196 [ATL-Logging-Thread] ERROR - 	at java.base/java.util.concurrent.ThreadPoolExecutor.runWorker(ThreadPoolExecutor.java:1144)

16:49:21.197 [ATL-Logging-Thread] ERROR - 	at java.base/java.util.concurrent.ThreadPoolExecutor$Worker.run(ThreadPoolExecutor.java:642)

16:49:21.199 [ATL-Logging-Thread] ERROR - 	at java.base/java.lang.Thread.run(Thread.java:1583)

16:49:21.200 [ATL-Logging-Thread] ERROR - com.apollographql.apollo.exception.ApolloHttpException: HTTP 403 Forbidden
	at com.apollographql.apollo.internal.interceptor.ApolloParseInterceptor.parse(ApolloParseInterceptor.java:108)
	at com.apollographql.apollo.internal.interceptor.ApolloParseInterceptor$1.onResponse(ApolloParseInterceptor.java:53)
	at com.apollographql.apollo.internal.interceptor.ApolloServerInterceptor$executeHttpCall$1.onResponse(ApolloServerInterceptor.kt:114)
	at okhttp3.internal.connection.RealCall$AsyncCall.run(RealCall.kt:519)
	at java.base/java.util.concurrent.ThreadPoolExecutor.runWorker(ThreadPoolExecutor.java:1144)
	at java.base/java.util.concurrent.ThreadPoolExecutor$Worker.run(ThreadPoolExecutor.java:642)
	at java.base/java.lang.Thread.run(Thread.java:1583)

16:49:23.509 [ATL-Logging-Thread] INFO  - Launcher opening

16:49:23.509 [ATL-Logging-Thread] INFO  - Made By Bob*

16:49:23.509 [ATL-Logging-Thread] INFO  - *(Not Actually)

16:49:23.510 [ATL-Logging-Thread] INFO  - Setting up Bottom Bar

16:49:23.530 [ATL-Logging-Thread] INFO  - Finished Setting up Bottom Bar

16:49:23.530 [ATL-Logging-Thread] INFO  - Setting up Tabs

16:49:23.710 [ATL-Logging-Thread] INFO  - Finished Setting up Tabs

16:49:23.716 [ATL-Logging-Thread] INFO  - Showing Launcher

16:50:03.150 [ATL-Logging-Thread] INFO  - Console Cleared

